<?xml version="1.0" encoding="UTF-8"?>
<!-- Generated by org.testng.reporters.JUnitXMLReporter -->
<testsuite ignored="0" hostname="DESKTOP-JCTEAIQ" failures="0" tests="3" name="Test" time="29.01" errors="0" timestamp="2026-07-12T18:50:19 IST">
  <testcase classname="com.tests.FillAndSubmitFormTest" name="fillAndSubmitForm" time="3.671"/>
  <testcase classname="com.tests.InteractwithAlertBox" name="interactWithAlertBox" time="8.167"/>
  <testcase classname="com.tests.VerifyPageTitle" name="verifyPageTitle" time="0.062"/>
</testsuite> <!-- Test -->
