<?xml version="1.0" encoding="UTF-8"?>
<!-- Generated by org.testng.reporters.JUnitXMLReporter -->
<testsuite ignored="0" hostname="DESKTOP-JCTEAIQ" failures="0" tests="3" name="Test" time="25.576" errors="0" timestamp="2026-07-15T15:23:52 IST">
  <testcase classname="com.tests.FillAndSubmitFormTest" name="fillAndSubmitForm" time="3.464"/>
  <testcase classname="com.tests.InteractwithAlertBox" name="interactWithAlertBox" time="6.021"/>
  <testcase classname="com.tests.VerifyPageTitle" name="verifyPageTitle" time="0.011"/>
</testsuite> <!-- Test -->
