<?xml version="1.0" encoding="UTF-8"?>
<!-- Generated by org.testng.reporters.JUnitXMLReporter -->
<testsuite ignored="0" hostname="DESKTOP-JCTEAIQ" failures="0" tests="3" name="Test" time="30.673" errors="0" timestamp="2026-07-13T12:26:37 IST">
  <testcase classname="com.tests.FillAndSubmitFormTest" name="fillAndSubmitForm" time="3.374"/>
  <testcase classname="com.tests.InteractwithAlertBox" name="interactWithAlertBox" time="7.266"/>
  <testcase classname="com.tests.VerifyPageTitle" name="verifyPageTitle" time="0.011"/>
</testsuite> <!-- Test -->
