<?xml version="1.0" encoding="UTF-8"?>
<testsuite xmlns:xsi="http://www.w3.org/2001/XMLSchema-instance" xsi:noNamespaceSchemaLocation="https://maven.apache.org/surefire/maven-surefire-plugin/xsd/surefire-test-report.xsd" name="TestSuite" time="32.852" tests="4" errors="0" skipped="0" failures="0">
  <properties>
[...]
</properties>
  <testcase name="fillAndSubmitForm" classname="com.tests.FillAndSubmitFormTest" time="3.466"/>
  <testcase name="interactWithAlertBox" classname="com.tests.InteractwithAlertBox" time="6.021"/>
  <testcase name="verifyPageTitle" classname="com.tests.VerifyPageTitle" time="0.01"/>
  <testcase name="verifyRegistrationForm" classname="tests.FormTest" time="1.307"/>
</testsuite>