<?xml version="1.0" encoding="UTF-8"?>
<testng-results ignored="0" total="3" passed="3" failed="0" skipped="0">
  <reporter-output>
  </reporter-output>
  <suite started-at="2026-07-13T12:26:06 IST" name="Suite" finished-at="2026-07-13T12:26:37 IST" duration-ms="30673">
    <groups>
    </groups>
    <test started-at="2026-07-13T12:26:06 IST" name="Test" finished-at="2026-07-13T12:26:37 IST" duration-ms="30673">
      <class name="com.tests.VerifyPageTitle">
        <test-method is-config="true" signature="setUp()[pri:0, instance:com.tests.VerifyPageTitle@10e41621]" started-at="2026-07-13T12:26:33 IST" name="setUp" finished-at="2026-07-13T12:26:37 IST" duration-ms="4048" status="PASS">
          <reporter-output>
          </reporter-output>
        </test-method> <!-- setUp -->
        <test-method signature="verifyPageTitle()[pri:0, instance:com.tests.VerifyPageTitle@10e41621]" started-at="2026-07-13T12:26:37 IST" name="verifyPageTitle" finished-at="2026-07-13T12:26:37 IST" duration-ms="11" status="PASS">
          <reporter-output>
          </reporter-output>
        </test-method> <!-- verifyPageTitle -->
        <test-method is-config="true" signature="tearDown()[pri:0, instance:com.tests.VerifyPageTitle@10e41621]" started-at="2026-07-13T12:26:37 IST" name="tearDown" finished-at="2026-07-13T12:26:37 IST" duration-ms="197" status="PASS">
          <reporter-output>
          </reporter-output>
        </test-method> <!-- tearDown -->
      </class> <!-- com.tests.VerifyPageTitle -->
      <class name="com.tests.FillAndSubmitFormTest">
        <test-method is-config="true" signature="setUp()[pri:0, instance:com.tests.FillAndSubmitFormTest@29626d54]" started-at="2026-07-13T12:26:06 IST" name="setUp" finished-at="2026-07-13T12:26:16 IST" duration-ms="9924" status="PASS">
          <reporter-output>
          </reporter-output>
        </test-method> <!-- setUp -->
        <test-method signature="fillAndSubmitForm()[pri:0, instance:com.tests.FillAndSubmitFormTest@29626d54]" started-at="2026-07-13T12:26:16 IST" name="fillAndSubmitForm" finished-at="2026-07-13T12:26:19 IST" duration-ms="3374" status="PASS">
          <reporter-output>
          </reporter-output>
        </test-method> <!-- fillAndSubmitForm -->
        <test-method is-config="true" signature="tearDown()[pri:0, instance:com.tests.FillAndSubmitFormTest@29626d54]" started-at="2026-07-13T12:26:19 IST" name="tearDown" finished-at="2026-07-13T12:26:20 IST" duration-ms="238" status="PASS">
          <reporter-output>
          </reporter-output>
        </test-method> <!-- tearDown -->
      </class> <!-- com.tests.FillAndSubmitFormTest -->
      <class name="com.tests.InteractwithAlertBox">
        <test-method is-config="true" signature="setUp()[pri:0, instance:com.tests.InteractwithAlertBox@19bb07ed]" started-at="2026-07-13T12:26:20 IST" name="setUp" finished-at="2026-07-13T12:26:25 IST" duration-ms="5317" status="PASS">
          <reporter-output>
          </reporter-output>
        </test-method> <!-- setUp -->
        <test-method signature="interactWithAlertBox()[pri:0, instance:com.tests.InteractwithAlertBox@19bb07ed]" started-at="2026-07-13T12:26:25 IST" name="interactWithAlertBox" finished-at="2026-07-13T12:26:32 IST" duration-ms="7266" status="PASS">
          <reporter-output>
          </reporter-output>
        </test-method> <!-- interactWithAlertBox -->
        <test-method is-config="true" signature="tearDown()[pri:0, instance:com.tests.InteractwithAlertBox@19bb07ed]" started-at="2026-07-13T12:26:32 IST" name="tearDown" finished-at="2026-07-13T12:26:33 IST" duration-ms="250" status="PASS">
          <reporter-output>
          </reporter-output>
        </test-method> <!-- tearDown -->
      </class> <!-- com.tests.InteractwithAlertBox -->
    </test> <!-- Test -->
  </suite> <!-- Suite -->
</testng-results>
