<?xml version="1.0" encoding="UTF-8"?>
<testng-results ignored="0" total="3" passed="3" failed="0" skipped="0">
  <reporter-output>
  </reporter-output>
  <suite started-at="2026-07-12T18:49:50 IST" name="Suite" finished-at="2026-07-12T18:50:19 IST" duration-ms="29010">
    <groups>
    </groups>
    <test started-at="2026-07-12T18:49:50 IST" name="Test" finished-at="2026-07-12T18:50:19 IST" duration-ms="29010">
      <class name="com.tests.VerifyPageTitle">
        <test-method is-config="true" signature="setUp()[pri:0, instance:com.tests.VerifyPageTitle@618b19ad]" started-at="2026-07-12T18:50:13 IST" name="setUp" finished-at="2026-07-12T18:50:18 IST" duration-ms="5185" status="PASS">
          <reporter-output>
          </reporter-output>
        </test-method> <!-- setUp -->
        <test-method signature="verifyPageTitle()[pri:0, instance:com.tests.VerifyPageTitle@618b19ad]" started-at="2026-07-12T18:50:18 IST" name="verifyPageTitle" finished-at="2026-07-12T18:50:18 IST" duration-ms="62" status="PASS">
          <reporter-output>
          </reporter-output>
        </test-method> <!-- verifyPageTitle -->
        <test-method is-config="true" signature="tearDown()[pri:0, instance:com.tests.VerifyPageTitle@618b19ad]" started-at="2026-07-12T18:50:18 IST" name="tearDown" finished-at="2026-07-12T18:50:19 IST" duration-ms="431" status="PASS">
          <reporter-output>
          </reporter-output>
        </test-method> <!-- tearDown -->
      </class> <!-- com.tests.VerifyPageTitle -->
      <class name="com.tests.FillAndSubmitFormTest">
        <test-method is-config="true" signature="setUp()[pri:0, instance:com.tests.FillAndSubmitFormTest@33d512c1]" started-at="2026-07-12T18:49:50 IST" name="setUp" finished-at="2026-07-12T18:49:57 IST" duration-ms="7436" status="PASS">
          <reporter-output>
          </reporter-output>
        </test-method> <!-- setUp -->
        <test-method signature="fillAndSubmitForm()[pri:0, instance:com.tests.FillAndSubmitFormTest@33d512c1]" started-at="2026-07-12T18:49:57 IST" name="fillAndSubmitForm" finished-at="2026-07-12T18:50:01 IST" duration-ms="3671" status="PASS">
          <reporter-output>
          </reporter-output>
        </test-method> <!-- fillAndSubmitForm -->
        <test-method is-config="true" signature="tearDown()[pri:0, instance:com.tests.FillAndSubmitFormTest@33d512c1]" started-at="2026-07-12T18:50:01 IST" name="tearDown" finished-at="2026-07-12T18:50:01 IST" duration-ms="388" status="PASS">
          <reporter-output>
          </reporter-output>
        </test-method> <!-- tearDown -->
      </class> <!-- com.tests.FillAndSubmitFormTest -->
      <class name="com.tests.InteractwithAlertBox">
        <test-method is-config="true" signature="setUp()[pri:0, instance:com.tests.InteractwithAlertBox@74235045]" started-at="2026-07-12T18:50:01 IST" name="setUp" finished-at="2026-07-12T18:50:04 IST" duration-ms="3068" status="PASS">
          <reporter-output>
          </reporter-output>
        </test-method> <!-- setUp -->
        <test-method signature="interactWithAlertBox()[pri:0, instance:com.tests.InteractwithAlertBox@74235045]" started-at="2026-07-12T18:50:04 IST" name="interactWithAlertBox" finished-at="2026-07-12T18:50:13 IST" duration-ms="8167" status="PASS">
          <reporter-output>
          </reporter-output>
        </test-method> <!-- interactWithAlertBox -->
        <test-method is-config="true" signature="tearDown()[pri:0, instance:com.tests.InteractwithAlertBox@74235045]" started-at="2026-07-12T18:50:13 IST" name="tearDown" finished-at="2026-07-12T18:50:13 IST" duration-ms="493" status="PASS">
          <reporter-output>
          </reporter-output>
        </test-method> <!-- tearDown -->
      </class> <!-- com.tests.InteractwithAlertBox -->
    </test> <!-- Test -->
  </suite> <!-- Suite -->
</testng-results>
