<?xml version="1.0" encoding="UTF-8"?>
<testng-results ignored="0" total="1" passed="1" failed="0" skipped="0">
  <reporter-output>
  </reporter-output>
  <suite started-at="2026-07-14T18:43:01 IST" name="Suite" finished-at="2026-07-14T18:43:11 IST" duration-ms="10735">
    <groups>
    </groups>
    <test started-at="2026-07-14T18:43:01 IST" name="Test" finished-at="2026-07-14T18:43:11 IST" duration-ms="10735">
      <class name="tests.FormTest">
        <test-method is-config="true" signature="setup()[pri:0, instance:tests.FormTest@446a1e84]" started-at="2026-07-14T18:43:01 IST" name="setup" finished-at="2026-07-14T18:43:06 IST" duration-ms="5397" status="PASS">
          <reporter-output>
          </reporter-output>
        </test-method> <!-- setup -->
        <test-method signature="verifyRegistrationForm()[pri:0, instance:tests.FormTest@446a1e84]" started-at="2026-07-14T18:43:06 IST" name="verifyRegistrationForm" finished-at="2026-07-14T18:43:11 IST" duration-ms="4885" status="PASS">
          <reporter-output>
          </reporter-output>
        </test-method> <!-- verifyRegistrationForm -->
        <test-method is-config="true" signature="tearDown()[pri:0, instance:tests.FormTest@446a1e84]" started-at="2026-07-14T18:43:11 IST" name="tearDown" finished-at="2026-07-14T18:43:11 IST" duration-ms="337" status="PASS">
          <reporter-output>
          </reporter-output>
        </test-method> <!-- tearDown -->
      </class> <!-- tests.FormTest -->
    </test> <!-- Test -->
  </suite> <!-- Suite -->
</testng-results>
